{"/home/deryck/projects/climbing-gear-catalog-react/gearcatalog/frontend/src/actions/auth.js": {"path":"/home/deryck/projects/climbing-gear-catalog-react/gearcatalog/frontend/src/actions/auth.js","statementMap":{"0":{"start":{"line":7,"column":24},"end":{"line":25,"column":1}},"1":{"start":{"line":7,"column":30},"end":{"line":25,"column":1}},"2":{"start":{"line":9,"column":2},"end":{"line":9,"column":37}},"3":{"start":{"line":11,"column":2},"end":{"line":24,"column":7}},"4":{"start":{"line":14,"column":6},"end":{"line":17,"column":9}},"5":{"start":{"line":20,"column":6},"end":{"line":20,"column":69}},"6":{"start":{"line":21,"column":6},"end":{"line":23,"column":9}},"7":{"start":{"line":28,"column":21},"end":{"line":53,"column":1}},"8":{"start":{"line":28,"column":45},"end":{"line":53,"column":1}},"9":{"start":{"line":30,"column":17},"end":{"line":34,"column":3}},"10":{"start":{"line":37,"column":15},"end":{"line":37,"column":53}},"11":{"start":{"line":39,"column":2},"end":{"line":52,"column":7}},"12":{"start":{"line":42,"column":6},"end":{"line":45,"column":9}},"13":{"start":{"line":48,"column":6},"end":{"line":48,"column":69}},"14":{"start":{"line":49,"column":6},"end":{"line":51,"column":9}},"15":{"start":{"line":56,"column":24},"end":{"line":81,"column":1}},"16":{"start":{"line":56,"column":59},"end":{"line":81,"column":1}},"17":{"start":{"line":58,"column":17},"end":{"line":62,"column":3}},"18":{"start":{"line":65,"column":15},"end":{"line":65,"column":60}},"19":{"start":{"line":67,"column":2},"end":{"line":80,"column":7}},"20":{"start":{"line":70,"column":6},"end":{"line":73,"column":9}},"21":{"start":{"line":76,"column":6},"end":{"line":76,"column":69}},"22":{"start":{"line":77,"column":6},"end":{"line":79,"column":9}},"23":{"start":{"line":84,"column":22},"end":{"line":96,"column":1}},"24":{"start":{"line":84,"column":28},"end":{"line":96,"column":1}},"25":{"start":{"line":85,"column":2},"end":{"line":95,"column":7}},"26":{"start":{"line":88,"column":6},"end":{"line":88,"column":40}},"27":{"start":{"line":89,"column":6},"end":{"line":91,"column":9}},"28":{"start":{"line":94,"column":6},"end":{"line":94,"column":69}},"29":{"start":{"line":99,"column":27},"end":{"line":116,"column":1}},"30":{"start":{"line":101,"column":16},"end":{"line":101,"column":37}},"31":{"start":{"line":104,"column":17},"end":{"line":108,"column":3}},"32":{"start":{"line":111,"column":2},"end":{"line":113,"column":3}},"33":{"start":{"line":112,"column":4},"end":{"line":112,"column":55}},"34":{"start":{"line":115,"column":2},"end":{"line":115,"column":16}}},"fnMap":{"0":{"name":"(anonymous_0)","decl":{"start":{"line":7,"column":24},"end":{"line":7,"column":25}},"loc":{"start":{"line":7,"column":30},"end":{"line":25,"column":1}},"line":7},"1":{"name":"(anonymous_1)","decl":{"start":{"line":7,"column":30},"end":{"line":7,"column":31}},"loc":{"start":{"line":7,"column":54},"end":{"line":25,"column":1}},"line":7},"2":{"name":"(anonymous_2)","decl":{"start":{"line":13,"column":10},"end":{"line":13,"column":11}},"loc":{"start":{"line":13,"column":19},"end":{"line":18,"column":5}},"line":13},"3":{"name":"(anonymous_3)","decl":{"start":{"line":19,"column":11},"end":{"line":19,"column":12}},"loc":{"start":{"line":19,"column":20},"end":{"line":24,"column":5}},"line":19},"4":{"name":"(anonymous_4)","decl":{"start":{"line":28,"column":21},"end":{"line":28,"column":22}},"loc":{"start":{"line":28,"column":45},"end":{"line":53,"column":1}},"line":28},"5":{"name":"(anonymous_5)","decl":{"start":{"line":28,"column":45},"end":{"line":28,"column":46}},"loc":{"start":{"line":28,"column":59},"end":{"line":53,"column":1}},"line":28},"6":{"name":"(anonymous_6)","decl":{"start":{"line":41,"column":10},"end":{"line":41,"column":11}},"loc":{"start":{"line":41,"column":19},"end":{"line":46,"column":5}},"line":41},"7":{"name":"(anonymous_7)","decl":{"start":{"line":47,"column":11},"end":{"line":47,"column":12}},"loc":{"start":{"line":47,"column":20},"end":{"line":52,"column":5}},"line":47},"8":{"name":"(anonymous_8)","decl":{"start":{"line":56,"column":24},"end":{"line":56,"column":25}},"loc":{"start":{"line":56,"column":59},"end":{"line":81,"column":1}},"line":56},"9":{"name":"(anonymous_9)","decl":{"start":{"line":56,"column":59},"end":{"line":56,"column":60}},"loc":{"start":{"line":56,"column":73},"end":{"line":81,"column":1}},"line":56},"10":{"name":"(anonymous_10)","decl":{"start":{"line":69,"column":10},"end":{"line":69,"column":11}},"loc":{"start":{"line":69,"column":19},"end":{"line":74,"column":5}},"line":69},"11":{"name":"(anonymous_11)","decl":{"start":{"line":75,"column":11},"end":{"line":75,"column":12}},"loc":{"start":{"line":75,"column":20},"end":{"line":80,"column":5}},"line":75},"12":{"name":"(anonymous_12)","decl":{"start":{"line":84,"column":22},"end":{"line":84,"column":23}},"loc":{"start":{"line":84,"column":28},"end":{"line":96,"column":1}},"line":84},"13":{"name":"(anonymous_13)","decl":{"start":{"line":84,"column":28},"end":{"line":84,"column":29}},"loc":{"start":{"line":84,"column":52},"end":{"line":96,"column":1}},"line":84},"14":{"name":"(anonymous_14)","decl":{"start":{"line":87,"column":10},"end":{"line":87,"column":11}},"loc":{"start":{"line":87,"column":19},"end":{"line":92,"column":5}},"line":87},"15":{"name":"(anonymous_15)","decl":{"start":{"line":93,"column":11},"end":{"line":93,"column":12}},"loc":{"start":{"line":93,"column":20},"end":{"line":95,"column":5}},"line":93},"16":{"name":"(anonymous_16)","decl":{"start":{"line":99,"column":27},"end":{"line":99,"column":28}},"loc":{"start":{"line":99,"column":41},"end":{"line":116,"column":1}},"line":99}},"branchMap":{"0":{"loc":{"start":{"line":111,"column":2},"end":{"line":113,"column":3}},"type":"if","locations":[{"start":{"line":111,"column":2},"end":{"line":113,"column":3}},{"start":{"line":111,"column":2},"end":{"line":113,"column":3}}],"line":111}},"s":{"0":1,"1":0,"2":0,"3":0,"4":0,"5":0,"6":0,"7":1,"8":0,"9":0,"10":0,"11":0,"12":0,"13":0,"14":0,"15":1,"16":0,"17":0,"18":0,"19":0,"20":0,"21":0,"22":0,"23":1,"24":0,"25":0,"26":0,"27":0,"28":0,"29":1,"30":0,"31":0,"32":0,"33":0,"34":0},"f":{"0":0,"1":0,"2":0,"3":0,"4":0,"5":0,"6":0,"7":0,"8":0,"9":0,"10":0,"11":0,"12":0,"13":0,"14":0,"15":0,"16":0},"b":{"0":[0,0]},"_coverageSchema":"1a1c01bbd47fc00a2c39e90264f33305004495a9","hash":"5d74c0eedb58934826159e7e7b2b42e319976816"}
,"/home/deryck/projects/climbing-gear-catalog-react/gearcatalog/frontend/src/actions/messages.js": {"path":"/home/deryck/projects/climbing-gear-catalog-react/gearcatalog/frontend/src/actions/messages.js","statementMap":{"0":{"start":{"line":4,"column":29},"end":{"line":9,"column":1}},"1":{"start":{"line":5,"column":2},"end":{"line":8,"column":4}},"2":{"start":{"line":12,"column":28},"end":{"line":17,"column":1}},"3":{"start":{"line":13,"column":2},"end":{"line":16,"column":4}}},"fnMap":{"0":{"name":"(anonymous_0)","decl":{"start":{"line":4,"column":29},"end":{"line":4,"column":30}},"loc":{"start":{"line":4,"column":38},"end":{"line":9,"column":1}},"line":4},"1":{"name":"(anonymous_1)","decl":{"start":{"line":12,"column":28},"end":{"line":12,"column":29}},"loc":{"start":{"line":12,"column":45},"end":{"line":17,"column":1}},"line":12}},"branchMap":{},"s":{"0":1,"1":0,"2":1,"3":0},"f":{"0":0,"1":0},"b":{},"_coverageSchema":"1a1c01bbd47fc00a2c39e90264f33305004495a9","hash":"36420f3af3df6468e43c5e5b95375ba9e32ab618"}
,"/home/deryck/projects/climbing-gear-catalog-react/gearcatalog/frontend/src/actions/types.js": {"path":"/home/deryck/projects/climbing-gear-catalog-react/gearcatalog/frontend/src/actions/types.js","statementMap":{"0":{"start":{"line":1,"column":24},"end":{"line":1,"column":34}},"1":{"start":{"line":2,"column":27},"end":{"line":2,"column":40}},"2":{"start":{"line":3,"column":24},"end":{"line":3,"column":34}},"3":{"start":{"line":4,"column":27},"end":{"line":4,"column":40}},"4":{"start":{"line":5,"column":25},"end":{"line":5,"column":36}},"5":{"start":{"line":6,"column":26},"end":{"line":6,"column":38}},"6":{"start":{"line":7,"column":30},"end":{"line":7,"column":46}},"7":{"start":{"line":8,"column":28},"end":{"line":8,"column":42}},"8":{"start":{"line":9,"column":27},"end":{"line":9,"column":40}},"9":{"start":{"line":10,"column":26},"end":{"line":10,"column":38}},"10":{"start":{"line":11,"column":29},"end":{"line":11,"column":44}},"11":{"start":{"line":12,"column":26},"end":{"line":12,"column":38}},"12":{"start":{"line":13,"column":30},"end":{"line":13,"column":46}},"13":{"start":{"line":14,"column":32},"end":{"line":14,"column":50}},"14":{"start":{"line":15,"column":29},"end":{"line":15,"column":44}},"15":{"start":{"line":16,"column":24},"end":{"line":16,"column":34}}},"fnMap":{},"branchMap":{},"s":{"0":1,"1":1,"2":1,"3":1,"4":1,"5":1,"6":1,"7":1,"8":1,"9":1,"10":1,"11":1,"12":1,"13":1,"14":1,"15":1},"f":{},"b":{},"_coverageSchema":"1a1c01bbd47fc00a2c39e90264f33305004495a9","hash":"d41dd7965c881083840c3fc406be3ee1a45cd028"}
,"/home/deryck/projects/climbing-gear-catalog-react/gearcatalog/frontend/src/components/accounts/Login.tsx": {"path":"/home/deryck/projects/climbing-gear-catalog-react/gearcatalog/frontend/src/components/accounts/Login.tsx","statementMap":{"0":{"start":{"line":12,"column":14},"end":{"line":72,"column":1}},"1":{"start":{"line":13,"column":34},"end":{"line":13,"column":46}},"2":{"start":{"line":14,"column":34},"end":{"line":14,"column":46}},"3":{"start":{"line":16,"column":19},"end":{"line":19,"column":3}},"4":{"start":{"line":17,"column":4},"end":{"line":17,"column":23}},"5":{"start":{"line":18,"column":4},"end":{"line":18,"column":30}},"6":{"start":{"line":21,"column":19},"end":{"line":27,"column":3}},"7":{"start":{"line":22,"column":4},"end":{"line":26,"column":5}},"8":{"start":{"line":23,"column":6},"end":{"line":23,"column":34}},"9":{"start":{"line":25,"column":6},"end":{"line":25,"column":34}},"10":{"start":{"line":29,"column":2},"end":{"line":31,"column":3}},"11":{"start":{"line":30,"column":4},"end":{"line":30,"column":31}},"12":{"start":{"line":33,"column":2},"end":{"line":71,"column":4}},"13":{"start":{"line":74,"column":24},"end":{"line":76,"column":2}},"14":{"start":{"line":74,"column":54},"end":{"line":76,"column":1}}},"fnMap":{"0":{"name":"(anonymous_0)","decl":{"start":{"line":12,"column":14},"end":{"line":12,"column":15}},"loc":{"start":{"line":12,"column":58},"end":{"line":72,"column":1}},"line":12},"1":{"name":"(anonymous_1)","decl":{"start":{"line":16,"column":19},"end":{"line":16,"column":20}},"loc":{"start":{"line":16,"column":26},"end":{"line":19,"column":3}},"line":16},"2":{"name":"(anonymous_2)","decl":{"start":{"line":21,"column":19},"end":{"line":21,"column":20}},"loc":{"start":{"line":21,"column":26},"end":{"line":27,"column":3}},"line":21},"3":{"name":"(anonymous_3)","decl":{"start":{"line":74,"column":24},"end":{"line":74,"column":25}},"loc":{"start":{"line":74,"column":54},"end":{"line":76,"column":1}},"line":74}},"branchMap":{"0":{"loc":{"start":{"line":22,"column":4},"end":{"line":26,"column":5}},"type":"if","locations":[{"start":{"line":22,"column":4},"end":{"line":26,"column":5}},{"start":{"line":22,"column":4},"end":{"line":26,"column":5}}],"line":22},"1":{"loc":{"start":{"line":29,"column":2},"end":{"line":31,"column":3}},"type":"if","locations":[{"start":{"line":29,"column":2},"end":{"line":31,"column":3}},{"start":{"line":29,"column":2},"end":{"line":31,"column":3}}],"line":29}},"s":{"0":1,"1":6,"2":6,"3":6,"4":1,"5":1,"6":6,"7":2,"8":1,"9":1,"10":6,"11":1,"12":5,"13":1,"14":0},"f":{"0":6,"1":1,"2":2,"3":0},"b":{"0":[1,1],"1":[1,5]},"_coverageSchema":"1a1c01bbd47fc00a2c39e90264f33305004495a9","hash":"f407ee371bb20cf085576a356cf3db54a07b827e"}
,"/home/deryck/projects/climbing-gear-catalog-react/gearcatalog/frontend/src/components/common/PrivateRoute.tsx": {"path":"/home/deryck/projects/climbing-gear-catalog-react/gearcatalog/frontend/src/components/common/PrivateRoute.tsx","statementMap":{"0":{"start":{"line":6,"column":21},"end":{"line":19,"column":1}},"1":{"start":{"line":7,"column":2},"end":{"line":18,"column":4}},"2":{"start":{"line":10,"column":6},"end":{"line":16,"column":7}},"3":{"start":{"line":11,"column":8},"end":{"line":11,"column":35}},"4":{"start":{"line":12,"column":13},"end":{"line":16,"column":7}},"5":{"start":{"line":13,"column":8},"end":{"line":13,"column":40}},"6":{"start":{"line":15,"column":8},"end":{"line":15,"column":40}},"7":{"start":{"line":28,"column":24},"end":{"line":30,"column":2}},"8":{"start":{"line":28,"column":54},"end":{"line":30,"column":1}}},"fnMap":{"0":{"name":"(anonymous_0)","decl":{"start":{"line":6,"column":21},"end":{"line":6,"column":22}},"loc":{"start":{"line":7,"column":2},"end":{"line":18,"column":4}},"line":7},"1":{"name":"(anonymous_1)","decl":{"start":{"line":9,"column":12},"end":{"line":9,"column":13}},"loc":{"start":{"line":9,"column":23},"end":{"line":17,"column":5}},"line":9},"2":{"name":"(anonymous_2)","decl":{"start":{"line":28,"column":24},"end":{"line":28,"column":25}},"loc":{"start":{"line":28,"column":54},"end":{"line":30,"column":1}},"line":28}},"branchMap":{"0":{"loc":{"start":{"line":10,"column":6},"end":{"line":16,"column":7}},"type":"if","locations":[{"start":{"line":10,"column":6},"end":{"line":16,"column":7}},{"start":{"line":10,"column":6},"end":{"line":16,"column":7}}],"line":10},"1":{"loc":{"start":{"line":12,"column":13},"end":{"line":16,"column":7}},"type":"if","locations":[{"start":{"line":12,"column":13},"end":{"line":16,"column":7}},{"start":{"line":12,"column":13},"end":{"line":16,"column":7}}],"line":12}},"s":{"0":1,"1":2,"2":2,"3":1,"4":1,"5":0,"6":1,"7":1,"8":0},"f":{"0":2,"1":2,"2":0},"b":{"0":[1,1],"1":[0,1]},"_coverageSchema":"1a1c01bbd47fc00a2c39e90264f33305004495a9","hash":"c53f70a728de1a5b20c2aa8540d3271033fd7bc0"}
}
