TN:
SF:src/actions/auth.js
FN:7,(anonymous_0)
FN:7,(anonymous_1)
FN:13,(anonymous_2)
FN:19,(anonymous_3)
FN:28,(anonymous_4)
FN:28,(anonymous_5)
FN:41,(anonymous_6)
FN:47,(anonymous_7)
FN:56,(anonymous_8)
FN:56,(anonymous_9)
FN:69,(anonymous_10)
FN:75,(anonymous_11)
FN:84,(anonymous_12)
FN:84,(anonymous_13)
FN:87,(anonymous_14)
FN:93,(anonymous_15)
FN:99,(anonymous_16)
FNF:17
FNH:0
FNDA:0,(anonymous_0)
FNDA:0,(anonymous_1)
FNDA:0,(anonymous_2)
FNDA:0,(anonymous_3)
FNDA:0,(anonymous_4)
FNDA:0,(anonymous_5)
FNDA:0,(anonymous_6)
FNDA:0,(anonymous_7)
FNDA:0,(anonymous_8)
FNDA:0,(anonymous_9)
FNDA:0,(anonymous_10)
FNDA:0,(anonymous_11)
FNDA:0,(anonymous_12)
FNDA:0,(anonymous_13)
FNDA:0,(anonymous_14)
FNDA:0,(anonymous_15)
FNDA:0,(anonymous_16)
DA:7,1
DA:9,0
DA:11,0
DA:14,0
DA:20,0
DA:21,0
DA:28,1
DA:30,0
DA:37,0
DA:39,0
DA:42,0
DA:48,0
DA:49,0
DA:56,1
DA:58,0
DA:65,0
DA:67,0
DA:70,0
DA:76,0
DA:77,0
DA:84,1
DA:85,0
DA:88,0
DA:89,0
DA:94,0
DA:99,1
DA:101,0
DA:104,0
DA:111,0
DA:112,0
DA:115,0
LF:31
LH:5
BRDA:111,0,0,0
BRDA:111,0,1,0
BRF:2
BRH:0
end_of_record
TN:
SF:src/actions/messages.js
FN:4,(anonymous_0)
FN:12,(anonymous_1)
FNF:2
FNH:0
FNDA:0,(anonymous_0)
FNDA:0,(anonymous_1)
DA:4,1
DA:5,0
DA:12,1
DA:13,0
LF:4
LH:2
BRF:0
BRH:0
end_of_record
TN:
SF:src/actions/types.js
FNF:0
FNH:0
DA:1,1
DA:2,1
DA:3,1
DA:4,1
DA:5,1
DA:6,1
DA:7,1
DA:8,1
DA:9,1
DA:10,1
DA:11,1
DA:12,1
DA:13,1
DA:14,1
DA:15,1
DA:16,1
LF:16
LH:16
BRF:0
BRH:0
end_of_record
TN:
SF:src/components/accounts/Login.tsx
FN:12,(anonymous_0)
FN:16,(anonymous_1)
FN:21,(anonymous_2)
FN:74,(anonymous_3)
FNF:4
FNH:3
FNDA:6,(anonymous_0)
FNDA:1,(anonymous_1)
FNDA:2,(anonymous_2)
FNDA:0,(anonymous_3)
DA:12,1
DA:13,6
DA:14,6
DA:16,6
DA:17,1
DA:18,1
DA:21,6
DA:22,2
DA:23,1
DA:25,1
DA:29,6
DA:30,1
DA:33,5
DA:74,1
LF:14
LH:14
BRDA:22,0,0,1
BRDA:22,0,1,1
BRDA:29,1,0,1
BRDA:29,1,1,5
BRF:4
BRH:4
end_of_record
TN:
SF:src/components/common/PrivateRoute.tsx
FN:6,(anonymous_0)
FN:9,(anonymous_1)
FN:28,(anonymous_2)
FNF:3
FNH:2
FNDA:2,(anonymous_0)
FNDA:2,(anonymous_1)
FNDA:0,(anonymous_2)
DA:6,1
DA:7,2
DA:10,2
DA:11,1
DA:12,1
DA:13,0
DA:15,1
DA:28,1
LF:8
LH:7
BRDA:10,0,0,1
BRDA:10,0,1,1
BRDA:12,1,0,0
BRDA:12,1,1,1
BRF:4
BRH:3
end_of_record
